# JRE version: Java(TM) SE Runtime Environment (7.0_80-b15) (build 1.7.0_80-b15)
# Java VM: Java HotSpot(TM) 64-Bit Server VM (24.80-b11 mixed mode linux-amd64 compressed oops)
Heap
 PSYoungGen      total 124416K, used 52818K [0x00000000f5500000, 0x00000000ffe80000, 0x0000000100000000)
  eden space 107008K, 33% used [0x00000000f5500000,0x00000000f7798c08,0x00000000fbd80000)
  from space 17408K, 99% used [0x00000000fbd80000,0x00000000fce7bdb0,0x00000000fce80000)
  to   space 23552K, 0% used [0x00000000fe780000,0x00000000fe780000,0x00000000ffe80000)
 ParOldGen       total 79360K, used 57468K [0x00000000e0000000, 0x00000000e4d80000, 0x00000000f5500000)
  object space 79360K, 72% used [0x00000000e0000000,0x00000000e381f3c8,0x00000000e4d80000)
 PSPermGen       total 54784K, used 54408K [0x00000000d0000000, 0x00000000d3580000, 0x00000000e0000000)
  object space 54784K, 99% used [0x00000000d0000000,0x00000000d3522128,0x00000000d3580000)
GC Heap History (10 events):
Event: 17,109 GC heap before
{Heap before GC invocations=15 (full 1):
 PSYoungGen      total 71168K, used 71153K [0x00000000f5500000, 0x00000000fbc00000, 0x0000000100000000)
  eden space 59392K, 100% used [0x00000000f5500000,0x00000000f8f00000,0x00000000f8f00000)
  from space 11776K, 99% used [0x00000000f8f00000,0x00000000f9a7c5c0,0x00000000f9a80000)
  to   space 13824K, 0% used [0x00000000fae80000,0x00000000fae80000,0x00000000fbc00000)
 ParOldGen       total 46592K, used 27300K [0x00000000e0000000, 0x00000000e2d80000, 0x00000000f5500000)
  object space 46592K, 58% used [0x00000000e0000000,0x00000000e1aa90d8,0x00000000e2d80000)
 PSPermGen       total 22528K, used 11711K [0x00000000d0000000, 0x00000000d1600000, 0x00000000e0000000)
  object space 22528K, 51% used [0x00000000d0000000,0x00000000d0b6ff28,0x00000000d1600000)
Event: 17,125 GC heap after
Heap after GC invocations=15 (full 1):
 PSYoungGen      total 92160K, used 5025K [0x00000000f5500000, 0x00000000fbd00000, 0x0000000100000000)
  eden space 78336K, 0% used [0x00000000f5500000,0x00000000f5500000,0x00000000fa180000)
  from space 13824K, 36% used [0x00000000fae80000,0x00000000fb368688,0x00000000fbc00000)
  to   space 13312K, 0% used [0x00000000fa180000,0x00000000fa180000,0x00000000fae80000)
 ParOldGen       total 46592K, used 36387K [0x00000000e0000000, 0x00000000e2d80000, 0x00000000f5500000)
  object space 46592K, 78% used [0x00000000e0000000,0x00000000e2388eb8,0x00000000e2d80000)
 PSPermGen       total 22528K, used 11711K [0x00000000d0000000, 0x00000000d1600000, 0x00000000e0000000)
  object space 22528K, 51% used [0x00000000d0000000,0x00000000d0b6ff28,0x00000000d1600000)
}
Event: 17,724 GC heap before
{Heap before GC invocations=16 (full 1):
 PSYoungGen      total 92160K, used 83361K [0x00000000f5500000, 0x00000000fbd00000, 0x0000000100000000)
  eden space 78336K, 100% used [0x00000000f5500000,0x00000000fa180000,0x00000000fa180000)
  from space 13824K, 36% used [0x00000000fae80000,0x00000000fb368688,0x00000000fbc00000)
  to   space 13312K, 0% used [0x00000000fa180000,0x00000000fa180000,0x00000000fae80000)
 ParOldGen       total 46592K, used 36387K [0x00000000e0000000, 0x00000000e2d80000, 0x00000000f5500000)
  object space 46592K, 78% used [0x00000000e0000000,0x00000000e2388eb8,0x00000000e2d80000)
 PSPermGen       total 22528K, used 12384K [0x00000000d0000000, 0x00000000d1600000, 0x00000000e0000000)
  object space 22528K, 54% used [0x00000000d0000000,0x00000000d0c182f0,0x00000000d1600000)
Event: 17,751 GC heap after
Heap after GC invocations=16 (full 1):
 PSYoungGen      total 91648K, used 6318K [0x00000000f5500000, 0x00000000fdb00000, 0x0000000100000000)
  eden space 78336K, 0% used [0x00000000f5500000,0x00000000f5500000,0x00000000fa180000)
  from space 13312K, 47% used [0x00000000fa180000,0x00000000fa7ab8f8,0x00000000fae80000)
  to   space 12800K, 0% used [0x00000000fce80000,0x00000000fce80000,0x00000000fdb00000)
 ParOldGen       total 46592K, used 36595K [0x00000000e0000000, 0x00000000e2d80000, 0x00000000f5500000)
  object space 46592K, 78% used [0x00000000e0000000,0x00000000e23bcec8,0x00000000e2d80000)
 PSPermGen       total 22528K, used 12384K [0x00000000d0000000, 0x00000000d1600000, 0x00000000e0000000)
  object space 22528K, 54% used [0x00000000d0000000,0x00000000d0c182f0,0x00000000d1600000)
}
Event: 20,590 GC heap before
{Heap before GC invocations=17 (full 1):
 PSYoungGen      total 91648K, used 84654K [0x00000000f5500000, 0x00000000fdb00000, 0x0000000100000000)
  eden space 78336K, 100% used [0x00000000f5500000,0x00000000fa180000,0x00000000fa180000)
  from space 13312K, 47% used [0x00000000fa180000,0x00000000fa7ab8f8,0x00000000fae80000)
  to   space 12800K, 0% used [0x00000000fce80000,0x00000000fce80000,0x00000000fdb00000)
 ParOldGen       total 46592K, used 36595K [0x00000000e0000000, 0x00000000e2d80000, 0x00000000f5500000)
  object space 46592K, 78% used [0x00000000e0000000,0x00000000e23bcec8,0x00000000e2d80000)
 PSPermGen       total 30208K, used 30088K [0x00000000d0000000, 0x00000000d1d80000, 0x00000000e0000000)
  object space 30208K, 99% used [0x00000000d0000000,0x00000000d1d62378,0x00000000d1d80000)
Event: 20,613 GC heap after
Heap after GC invocations=17 (full 1):
 PSYoungGen      total 119808K, used 12770K [0x00000000f5500000, 0x00000000fe300000, 0x0000000100000000)
  eden space 107008K, 0% used [0x00000000f5500000,0x00000000f5500000,0x00000000fbd80000)
  from space 12800K, 99% used [0x00000000fce80000,0x00000000fdaf8bc0,0x00000000fdb00000)
  to   space 17408K, 0% used [0x00000000fbd80000,0x00000000fbd80000,0x00000000fce80000)
 ParOldGen       total 46592K, used 43515K [0x00000000e0000000, 0x00000000e2d80000, 0x00000000f5500000)
  object space 46592K, 93% used [0x00000000e0000000,0x00000000e2a7ecb8,0x00000000e2d80000)
 PSPermGen       total 30208K, used 30088K [0x00000000d0000000, 0x00000000d1d80000, 0x00000000e0000000)
  object space 30208K, 99% used [0x00000000d0000000,0x00000000d1d62378,0x00000000d1d80000)
}
Event: 20,613 GC heap before
{Heap before GC invocations=18 (full 2):
 PSYoungGen      total 119808K, used 12770K [0x00000000f5500000, 0x00000000fe300000, 0x0000000100000000)
  eden space 107008K, 0% used [0x00000000f5500000,0x00000000f5500000,0x00000000fbd80000)
  from space 12800K, 99% used [0x00000000fce80000,0x00000000fdaf8bc0,0x00000000fdb00000)
  to   space 17408K, 0% used [0x00000000fbd80000,0x00000000fbd80000,0x00000000fce80000)
 ParOldGen       total 46592K, used 43515K [0x00000000e0000000, 0x00000000e2d80000, 0x00000000f5500000)
  object space 46592K, 93% used [0x00000000e0000000,0x00000000e2a7ecb8,0x00000000e2d80000)
 PSPermGen       total 30208K, used 30088K [0x00000000d0000000, 0x00000000d1d80000, 0x00000000e0000000)
  object space 30208K, 99% used [0x00000000d0000000,0x00000000d1d62378,0x00000000d1d80000)
Event: 20,815 GC heap after
Heap after GC invocations=18 (full 2):
 PSYoungGen      total 119808K, used 905K [0x00000000f5500000, 0x00000000fe300000, 0x0000000100000000)
  eden space 107008K, 0% used [0x00000000f5500000,0x00000000f5500000,0x00000000fbd80000)
  from space 12800K, 7% used [0x00000000fce80000,0x00000000fcf624a0,0x00000000fdb00000)
  to   space 17408K, 0% used [0x00000000fbd80000,0x00000000fbd80000,0x00000000fce80000)
 ParOldGen       total 79360K, used 46530K [0x00000000e0000000, 0x00000000e4d80000, 0x00000000f5500000)
  object space 79360K, 58% used [0x00000000e0000000,0x00000000e2d70ba8,0x00000000e4d80000)
 PSPermGen       total 51200K, used 30075K [0x00000000d0000000, 0x00000000d3200000, 0x00000000e0000000)
  object space 51200K, 58% used [0x00000000d0000000,0x00000000d1d5eda8,0x00000000d3200000)
}
Event: 23,427 GC heap before
{Heap before GC invocations=19 (full 2):
 PSYoungGen      total 119808K, used 107913K [0x00000000f5500000, 0x00000000fe300000, 0x0000000100000000)
  eden space 107008K, 100% used [0x00000000f5500000,0x00000000fbd80000,0x00000000fbd80000)
  from space 12800K, 7% used [0x00000000fce80000,0x00000000fcf624a0,0x00000000fdb00000)
  to   space 17408K, 0% used [0x00000000fbd80000,0x00000000fbd80000,0x00000000fce80000)
 ParOldGen       total 79360K, used 46530K [0x00000000e0000000, 0x00000000e4d80000, 0x00000000f5500000)
  object space 79360K, 58% used [0x00000000e0000000,0x00000000e2d70ba8,0x00000000e4d80000)
 PSPermGen       total 52736K, used 52413K [0x00000000d0000000, 0x00000000d3380000, 0x00000000e0000000)
  object space 52736K, 99% used [0x00000000d0000000,0x00000000d332f7f0,0x00000000d3380000)
Event: 23,465 GC heap after
Heap after GC invocations=19 (full 2):
 PSYoungGen      total 124416K, used 17391K [0x00000000f5500000, 0x00000000ffe80000, 0x0000000100000000)
  eden space 107008K, 0% used [0x00000000f5500000,0x00000000f5500000,0x00000000fbd80000)
  from space 17408K, 99% used [0x00000000fbd80000,0x00000000fce7bdb0,0x00000000fce80000)
  to   space 23552K, 0% used [0x00000000fe780000,0x00000000fe780000,0x00000000ffe80000)
 ParOldGen       total 79360K, used 57468K [0x00000000e0000000, 0x00000000e4d80000, 0x00000000f5500000)
  object space 79360K, 72% used [0x00000000e0000000,0x00000000e381f3c8,0x00000000e4d80000)
 PSPermGen       total 52736K, used 52413K [0x00000000d0000000, 0x00000000d3380000, 0x00000000e0000000)
  object space 52736K, 99% used [0x00000000d0000000,0x00000000d332f7f0,0x00000000d3380000)
}

