# JRE version: Java(TM) SE Runtime Environment (7.0_80-b15) (build 1.7.0_80-b15)
# Java VM: Java HotSpot(TM) 64-Bit Server VM (24.80-b11 mixed mode linux-amd64 compressed oops)
Heap
 PSYoungGen      total 152064K, used 93754K [0x00000000f5500000, 0x0000000100000000, 0x0000000100000000)
  eden space 129024K, 54% used [0x00000000f5500000,0x00000000f9a15a98,0x00000000fd300000)
  from space 23040K, 99% used [0x00000000fd300000,0x00000000fe978ef0,0x00000000fe980000)
  to   space 23040K, 0% used [0x00000000fe980000,0x00000000fe980000,0x0000000100000000)
 ParOldGen       total 77824K, used 50124K [0x00000000e0000000, 0x00000000e4c00000, 0x00000000f5500000)
  object space 77824K, 64% used [0x00000000e0000000,0x00000000e30f33e8,0x00000000e4c00000)
 PSPermGen       total 54784K, used 54465K [0x00000000d0000000, 0x00000000d3580000, 0x00000000e0000000)
  object space 54784K, 99% used [0x00000000d0000000,0x00000000d3530738,0x00000000d3580000)
GC Heap History (10 events):
Event: 5,057 GC heap before
{Heap before GC invocations=11 (full 1):
 PSYoungGen      total 92672K, used 81920K [0x00000000f5500000, 0x00000000ff400000, 0x0000000100000000)
  eden space 81920K, 100% used [0x00000000f5500000,0x00000000fa500000,0x00000000fa500000)
  from space 10752K, 0% used [0x00000000fa500000,0x00000000fa500000,0x00000000faf80000)
  to   space 15872K, 0% used [0x00000000fe480000,0x00000000fe480000,0x00000000ff400000)
 ParOldGen       total 48640K, used 27182K [0x00000000e0000000, 0x00000000e2f80000, 0x00000000f5500000)
  object space 48640K, 55% used [0x00000000e0000000,0x00000000e1a8bab8,0x00000000e2f80000)
 PSPermGen       total 21504K, used 11069K [0x00000000d0000000, 0x00000000d1500000, 0x00000000e0000000)
  object space 21504K, 51% used [0x00000000d0000000,0x00000000d0acf770,0x00000000d1500000)
Event: 5,071 GC heap after
Heap after GC invocations=11 (full 1):
 PSYoungGen      total 118784K, used 10417K [0x00000000f5500000, 0x00000000fef00000, 0x0000000100000000)
  eden space 108032K, 0% used [0x00000000f5500000,0x00000000f5500000,0x00000000fbe80000)
  from space 10752K, 96% used [0x00000000fe480000,0x00000000feeac550,0x00000000fef00000)
  to   space 16384K, 0% used [0x00000000fcf00000,0x00000000fcf00000,0x00000000fdf00000)
 ParOldGen       total 48640K, used 27246K [0x00000000e0000000, 0x00000000e2f80000, 0x00000000f5500000)
  object space 48640K, 56% used [0x00000000e0000000,0x00000000e1a9bac8,0x00000000e2f80000)
 PSPermGen       total 21504K, used 11069K [0x00000000d0000000, 0x00000000d1500000, 0x00000000e0000000)
  object space 21504K, 51% used [0x00000000d0000000,0x00000000d0acf770,0x00000000d1500000)
}
Event: 6,542 GC heap before
{Heap before GC invocations=12 (full 1):
 PSYoungGen      total 118784K, used 118449K [0x00000000f5500000, 0x00000000fef00000, 0x0000000100000000)
  eden space 108032K, 100% used [0x00000000f5500000,0x00000000fbe80000,0x00000000fbe80000)
  from space 10752K, 96% used [0x00000000fe480000,0x00000000feeac550,0x00000000fef00000)
  to   space 16384K, 0% used [0x00000000fcf00000,0x00000000fcf00000,0x00000000fdf00000)
 ParOldGen       total 48640K, used 27246K [0x00000000e0000000, 0x00000000e2f80000, 0x00000000f5500000)
  object space 48640K, 56% used [0x00000000e0000000,0x00000000e1a9bac8,0x00000000e2f80000)
 PSPermGen       total 21504K, used 11719K [0x00000000d0000000, 0x00000000d1500000, 0x00000000e0000000)
  object space 21504K, 54% used [0x00000000d0000000,0x00000000d0b71ea0,0x00000000d1500000)
Event: 6,580 GC heap after
Heap after GC invocations=12 (full 1):
 PSYoungGen      total 141312K, used 16380K [0x00000000f5500000, 0x0000000100000000, 0x0000000100000000)
  eden space 124928K, 0% used [0x00000000f5500000,0x00000000f5500000,0x00000000fcf00000)
  from space 16384K, 99% used [0x00000000fcf00000,0x00000000fdeff118,0x00000000fdf00000)
  to   space 21504K, 0% used [0x00000000feb00000,0x00000000feb00000,0x0000000100000000)
 ParOldGen       total 48640K, used 35241K [0x00000000e0000000, 0x00000000e2f80000, 0x00000000f5500000)
  object space 48640K, 72% used [0x00000000e0000000,0x00000000e226a718,0x00000000e2f80000)
 PSPermGen       total 21504K, used 11719K [0x00000000d0000000, 0x00000000d1500000, 0x00000000e0000000)
  object space 21504K, 54% used [0x00000000d0000000,0x00000000d0b71ea0,0x00000000d1500000)
}
Event: 8,624 GC heap before
{Heap before GC invocations=13 (full 1):
 PSYoungGen      total 141312K, used 141308K [0x00000000f5500000, 0x0000000100000000, 0x0000000100000000)
  eden space 124928K, 100% used [0x00000000f5500000,0x00000000fcf00000,0x00000000fcf00000)
  from space 16384K, 99% used [0x00000000fcf00000,0x00000000fdeff118,0x00000000fdf00000)
  to   space 21504K, 0% used [0x00000000feb00000,0x00000000feb00000,0x0000000100000000)
 ParOldGen       total 48640K, used 35241K [0x00000000e0000000, 0x00000000e2f80000, 0x00000000f5500000)
  object space 48640K, 72% used [0x00000000e0000000,0x00000000e226a718,0x00000000e2f80000)
 PSPermGen       total 22528K, used 22096K [0x00000000d0000000, 0x00000000d1600000, 0x00000000e0000000)
  object space 22528K, 98% used [0x00000000d0000000,0x00000000d1594208,0x00000000d1600000)
Event: 8,648 GC heap after
Heap after GC invocations=13 (full 1):
 PSYoungGen      total 150528K, used 16553K [0x00000000f5500000, 0x0000000100000000, 0x0000000100000000)
  eden space 129024K, 0% used [0x00000000f5500000,0x00000000f5500000,0x00000000fd300000)
  from space 21504K, 76% used [0x00000000feb00000,0x00000000ffb2a668,0x0000000100000000)
  to   space 23040K, 0% used [0x00000000fd300000,0x00000000fd300000,0x00000000fe980000)
 ParOldGen       total 48640K, used 44585K [0x00000000e0000000, 0x00000000e2f80000, 0x00000000f5500000)
  object space 48640K, 91% used [0x00000000e0000000,0x00000000e2b8a508,0x00000000e2f80000)
 PSPermGen       total 22528K, used 22096K [0x00000000d0000000, 0x00000000d1600000, 0x00000000e0000000)
  object space 22528K, 98% used [0x00000000d0000000,0x00000000d1594208,0x00000000d1600000)
}
Event: 8,648 GC heap before
{Heap before GC invocations=14 (full 2):
 PSYoungGen      total 150528K, used 16553K [0x00000000f5500000, 0x0000000100000000, 0x0000000100000000)
  eden space 129024K, 0% used [0x00000000f5500000,0x00000000f5500000,0x00000000fd300000)
  from space 21504K, 76% used [0x00000000feb00000,0x00000000ffb2a668,0x0000000100000000)
  to   space 23040K, 0% used [0x00000000fd300000,0x00000000fd300000,0x00000000fe980000)
 ParOldGen       total 48640K, used 44585K [0x00000000e0000000, 0x00000000e2f80000, 0x00000000f5500000)
  object space 48640K, 91% used [0x00000000e0000000,0x00000000e2b8a508,0x00000000e2f80000)
 PSPermGen       total 22528K, used 22096K [0x00000000d0000000, 0x00000000d1600000, 0x00000000e0000000)
  object space 22528K, 98% used [0x00000000d0000000,0x00000000d1594208,0x00000000d1600000)
Event: 8,801 GC heap after
Heap after GC invocations=14 (full 2):
 PSYoungGen      total 150528K, used 0K [0x00000000f5500000, 0x0000000100000000, 0x0000000100000000)
  eden space 129024K, 0% used [0x00000000f5500000,0x00000000f5500000,0x00000000fd300000)
  from space 21504K, 0% used [0x00000000feb00000,0x00000000feb00000,0x0000000100000000)
  to   space 23040K, 0% used [0x00000000fd300000,0x00000000fd300000,0x00000000fe980000)
 ParOldGen       total 77824K, used 44482K [0x00000000e0000000, 0x00000000e4c00000, 0x00000000f5500000)
  object space 77824K, 57% used [0x00000000e0000000,0x00000000e2b70a78,0x00000000e4c00000)
 PSPermGen       total 37376K, used 22087K [0x00000000d0000000, 0x00000000d2480000, 0x00000000e0000000)
  object space 37376K, 59% used [0x00000000d0000000,0x00000000d1591d60,0x00000000d2480000)
}
Event: 11,462 GC heap before
{Heap before GC invocations=15 (full 2):
 PSYoungGen      total 150528K, used 129024K [0x00000000f5500000, 0x0000000100000000, 0x0000000100000000)
  eden space 129024K, 100% used [0x00000000f5500000,0x00000000fd300000,0x00000000fd300000)
  from space 21504K, 0% used [0x00000000feb00000,0x00000000feb00000,0x0000000100000000)
  to   space 23040K, 0% used [0x00000000fd300000,0x00000000fd300000,0x00000000fe980000)
 ParOldGen       total 77824K, used 44482K [0x00000000e0000000, 0x00000000e4c00000, 0x00000000f5500000)
  object space 77824K, 57% used [0x00000000e0000000,0x00000000e2b70a78,0x00000000e4c00000)
 PSPermGen       total 46080K, used 45888K [0x00000000d0000000, 0x00000000d2d00000, 0x00000000e0000000)
  object space 46080K, 99% used [0x00000000d0000000,0x00000000d2cd00c0,0x00000000d2d00000)
Event: 11,491 GC heap after
Heap after GC invocations=15 (full 2):
 PSYoungGen      total 152064K, used 23011K [0x00000000f5500000, 0x0000000100000000, 0x0000000100000000)
  eden space 129024K, 0% used [0x00000000f5500000,0x00000000f5500000,0x00000000fd300000)
  from space 23040K, 99% used [0x00000000fd300000,0x00000000fe978ef0,0x00000000fe980000)
  to   space 23040K, 0% used [0x00000000fe980000,0x00000000fe980000,0x0000000100000000)
 ParOldGen       total 77824K, used 50124K [0x00000000e0000000, 0x00000000e4c00000, 0x00000000f5500000)
  object space 77824K, 64% used [0x00000000e0000000,0x00000000e30f33e8,0x00000000e4c00000)
 PSPermGen       total 46080K, used 45888K [0x00000000d0000000, 0x00000000d2d00000, 0x00000000e0000000)
  object space 46080K, 99% used [0x00000000d0000000,0x00000000d2cd00c0,0x00000000d2d00000)
}

